<?xml version="1.0" encoding="UTF-8"?>
<!-- Generated by org.testng.reporters.JUnitReportReporter -->
<testsuite hostname="EC2AMAZ-43H59LH" failures="0" tests="1" name="com.amazon.test.AmazonTest" time="87.007" errors="0" timestamp="2021-01-19T06:19:15 GMT" skipped="0">
  <testcase classname="com.amazon.test.AmazonTest" name="amazonTest" time="87.007"/>
  <system-out/>
</testsuite> <!-- com.amazon.test.AmazonTest -->
