<?xml version="1.0" encoding="UTF-8"?>
<!-- Generated by org.testng.reporters.JUnitReportReporter -->
<testsuite hostname="EC2AMAZ-43H59LH" failures="0" tests="1" name="TestRunner.TestNGRunner" time="65.225" errors="0" timestamp="2021-01-19T08:47:34 GMT" skipped="0">
  <testcase classname="TestRunner.TestNGRunner" name="runScenario" time="65.225"/>
  <system-out/>
</testsuite> <!-- TestRunner.TestNGRunner -->
